<?xml version="1.0" encoding="UTF-8"?><testrun name="testRunner" project="challenge" tests="1" started="1" failures="0" errors="1" ignored="0">
  <testsuite name="runner.TestRunner" time="13.246">
    <testsuite name="Test Forms LifeRay" time="13.246">
      <testcase name="Validate Forms Liferay" classname="Test Forms LifeRay" time="13.246">
        <error>org.openqa.selenium.NoSuchSessionException: Session ID is null. Using WebDriver after calling quit()?
Build info: version: '3.141.59', revision: 'e82be7d358', time: '2018-11-14T08:17:03'
System info: host: 'DESKTOP-KT9V1U8', ip: '192.168.15.35', os.name: 'Windows 10', os.arch: 'amd64', os.version: '10.0', java.version: '11.0.6'
Driver info: driver.version: RemoteWebDriver&#13;
	at org.openqa.selenium.remote.HttpCommandExecutor.execute(HttpCommandExecutor.java:125)&#13;
	at org.openqa.selenium.remote.service.DriverCommandExecutor.execute(DriverCommandExecutor.java:83)&#13;
	at org.openqa.selenium.remote.RemoteWebDriver.execute(RemoteWebDriver.java:552)&#13;
	at org.openqa.selenium.remote.RemoteWebDriver.findElement(RemoteWebDriver.java:323)&#13;
	at org.openqa.selenium.remote.RemoteWebDriver.findElementByXPath(RemoteWebDriver.java:428)&#13;
	at org.openqa.selenium.By$ByXPath.findElement(By.java:353)&#13;
	at org.openqa.selenium.remote.RemoteWebDriver.findElement(RemoteWebDriver.java:315)&#13;
	at org.openqa.selenium.support.pagefactory.DefaultElementLocator.findElement(DefaultElementLocator.java:69)&#13;
	at org.openqa.selenium.support.pagefactory.AjaxElementLocator.access$001(AjaxElementLocator.java:39)&#13;
	at org.openqa.selenium.support.pagefactory.AjaxElementLocator$SlowLoadingElement.isLoaded(AjaxElementLocator.java:165)&#13;
	at org.openqa.selenium.support.ui.SlowLoadableComponent.get(SlowLoadableComponent.java:51)&#13;
	at org.openqa.selenium.support.pagefactory.AjaxElementLocator.findElement(AjaxElementLocator.java:95)&#13;
	at org.openqa.selenium.support.pagefactory.internal.LocatingElementHandler.invoke(LocatingElementHandler.java:38)&#13;
	at com.sun.proxy.$Proxy17.sendKeys(Unknown Source)&#13;
	at actions.actionsForm.fillInForm(actionsForm.java:42)&#13;
	at stepDefinition.FormTest.i_fill_in_the_required_fields_and_click_in_submit(FormTest.java:40)&#13;
	at âœ½.I fill in the required fields "name1" "07272017" "Fail" and click in submit(file:///C:/ws-liferay/challenge/features/forms.feature:6)&#13;
&#13;
</error>
      </testcase>
    </testsuite>
  </testsuite>
</testrun>
